<?xml version="1.0" encoding="UTF-8"?>
<testng-results skipped="0" failed="1" total="1" passed="0">
  <reporter-output>
  </reporter-output>
  <suite name="Default suite" duration-ms="9635" started-at="2017-05-25T19:30:21Z" finished-at="2017-05-25T19:30:31Z">
    <groups>
    </groups>
    <test name="Default test" duration-ms="9635" started-at="2017-05-25T19:30:21Z" finished-at="2017-05-25T19:30:31Z">
      <class name="com.catracker.modules.Accounts.Login">
        <test-method status="PASS" signature="beforeSuite()[pri:0, instance:com.catracker.modules.Accounts.Login@675d3402]" name="beforeSuite" is-config="true" duration-ms="201" started-at="2017-05-26T01:00:21Z" finished-at="2017-05-26T01:00:21Z">
          <reporter-output>
          </reporter-output>
        </test-method> <!-- beforeSuite -->
        <test-method status="FAIL" signature="TC1()[pri:0, instance:com.catracker.modules.Accounts.Login@675d3402]" name="TC1" duration-ms="9533" started-at="2017-05-26T01:00:21Z" finished-at="2017-05-26T01:00:31Z">
          <exception class="java.lang.NullPointerException">
            <full-stacktrace>
              <![CDATA[java.lang.NullPointerException
	at com.catracker.utility.DataReader.readData(DataReader.java:37)
	at com.catracker.utility.GlobalFunctions.sendKeys(GlobalFunctions.java:473)
	at com.catracker.modules.Accounts.Login.TC1(Login.java:38)
	at sun.reflect.NativeMethodAccessorImpl.invoke0(Native Method)
	at sun.reflect.NativeMethodAccessorImpl.invoke(NativeMethodAccessorImpl.java:62)
	at sun.reflect.DelegatingMethodAccessorImpl.invoke(DelegatingMethodAccessorImpl.java:43)
	at java.lang.reflect.Method.invoke(Method.java:498)
	at org.testng.internal.MethodInvocationHelper.invokeMethod(MethodInvocationHelper.java:80)
	at org.testng.internal.Invoker.invokeMethod(Invoker.java:714)
	at org.testng.internal.Invoker.invokeTestMethod(Invoker.java:901)
	at org.testng.internal.Invoker.invokeTestMethods(Invoker.java:1231)
	at org.testng.internal.TestMethodWorker.invokeTestMethods(TestMethodWorker.java:127)
	at org.testng.internal.TestMethodWorker.run(TestMethodWorker.java:111)
	at org.testng.TestRunner.privateRun(TestRunner.java:767)
	at org.testng.TestRunner.run(TestRunner.java:617)
	at org.testng.SuiteRunner.runTest(SuiteRunner.java:334)
	at org.testng.SuiteRunner.runSequentially(SuiteRunner.java:329)
	at org.testng.SuiteRunner.privateRun(SuiteRunner.java:291)
	at org.testng.SuiteRunner.run(SuiteRunner.java:240)
	at org.testng.SuiteRunnerWorker.runSuite(SuiteRunnerWorker.java:52)
	at org.testng.SuiteRunnerWorker.run(SuiteRunnerWorker.java:86)
	at org.testng.TestNG.runSuitesSequentially(TestNG.java:1198)
	at org.testng.TestNG.runSuitesLocally(TestNG.java:1123)
	at org.testng.TestNG.run(TestNG.java:1031)
	at org.testng.remote.AbstractRemoteTestNG.run(AbstractRemoteTestNG.java:126)
	at org.testng.remote.RemoteTestNG.initAndRun(RemoteTestNG.java:152)
	at org.testng.remote.RemoteTestNG.main(RemoteTestNG.java:57)
]]>
            </full-stacktrace>
          </exception> <!-- java.lang.NullPointerException -->
          <reporter-output>
          </reporter-output>
        </test-method> <!-- TC1 -->
        <test-method status="PASS" signature="afterMethod(org.testng.ITestResult)[pri:0, instance:com.catracker.modules.Accounts.Login@675d3402]" name="afterMethod" is-config="true" duration-ms="79" started-at="2017-05-26T01:00:31Z" finished-at="2017-05-26T01:00:31Z">
          <params>
            <param index="0">
              <value>
                <![CDATA[[TestResult name=TC1 status=FAILURE method=Login.TC1()[pri:0, instance:com.catracker.modules.Accounts.Login@675d3402] output={null}]]]>
              </value>
            </param>
          </params>
          <reporter-output>
          </reporter-output>
        </test-method> <!-- afterMethod -->
        <test-method status="PASS" signature="afterSuite()[pri:0, instance:com.catracker.modules.Accounts.Login@675d3402]" name="afterSuite" is-config="true" duration-ms="24" started-at="2017-05-26T01:00:31Z" finished-at="2017-05-26T01:00:31Z">
          <reporter-output>
          </reporter-output>
        </test-method> <!-- afterSuite -->
      </class> <!-- com.catracker.modules.Accounts.Login -->
    </test> <!-- Default test -->
  </suite> <!-- Default suite -->
</testng-results>
