<?xml version="1.0" encoding="UTF-8"?>
<!-- Generated by org.testng.reporters.JUnitXMLReporter -->
<testsuite hostname="ADMIN-PC" ignored="3" name="Test" tests="4" failures="0" timestamp="08 Apr 2017 10:00:35 GMT" time="246.591" errors="0">
  <testcase name="Validate_BookingsSection" time="17.825" classname="TestScripts.ValidateBookingsSection"/>
  <testcase name="ValidateDateandTimeDisplayed" time="15.031" classname="TestScripts.ValidateDateandTimeDisplayedonHomePage"/>
  <testcase name="ValidateNewsLetter" time="66.44" classname="TestScripts.ValidateNewsLetterSection"/>
  <testcase name="Validate_HotelsSection" time="86.449" classname="TestScripts.ValidateHotelsSection"/>
  <testcase name="@AfterSuite afterSuite" time="0.0" classname="SupportLibraries.SeleniumHelper">
    <ignored/>
  </testcase> <!-- @AfterSuite afterSuite -->
  <testcase name="@AfterSuite afterSuite" time="0.0" classname="SupportLibraries.SeleniumHelper">
    <ignored/>
  </testcase> <!-- @AfterSuite afterSuite -->
  <testcase name="@AfterSuite afterSuite" time="0.0" classname="SupportLibraries.SeleniumHelper">
    <ignored/>
  </testcase> <!-- @AfterSuite afterSuite -->
</testsuite> <!-- Test -->
